2020-09-10 18:38:00.383  INFO 18648 --- [restartedMain] c.c.c.ConfigServicePropertySourceLocator : Fetching config from server at : http://localhost:8888
2020-09-10 18:38:02.982  INFO 18648 --- [restartedMain] c.c.c.ConfigServicePropertySourceLocator : Located environment: name=department-service, profiles=[production], label=null, version=d1fa0737632e9273214e78eb26e4eb33653f5e52, state=null
2020-09-10 18:38:02.986  INFO 18648 --- [restartedMain] b.c.PropertySourceBootstrapConfiguration : Located property source: [BootstrapPropertySource {name='bootstrapProperties-configClient'}, BootstrapPropertySource {name='bootstrapProperties-https://github.com/udhayaspringboot/dynamicyaml/application-production.yaml'}, BootstrapPropertySource {name='bootstrapProperties-https://github.com/udhayaspringboot/dynamicyaml/application.yaml'}]
2020-09-10 18:38:03.171  INFO 18648 --- [restartedMain] c.d.AdepartmentserviceApplication        : The following profiles are active: production
2020-09-10 18:38:04.269  INFO 18648 --- [restartedMain] .s.d.r.c.RepositoryConfigurationDelegate : Bootstrapping Spring Data JPA repositories in DEFERRED mode.
2020-09-10 18:38:04.702  INFO 18648 --- [restartedMain] .s.d.r.c.RepositoryConfigurationDelegate : Finished Spring Data repository scanning in 416ms. Found 1 JPA repository interfaces.
2020-09-10 18:38:05.120  INFO 18648 --- [restartedMain] o.s.cloud.context.scope.GenericScope     : BeanFactory id=c07fb0fc-0a75-3460-a522-3460317daf73
2020-09-10 18:38:06.889  INFO 18648 --- [restartedMain] o.s.b.w.embedded.tomcat.TomcatWebServer  : Tomcat initialized with port(s): 8801 (http)
2020-09-10 18:38:06.906  INFO 18648 --- [restartedMain] o.apache.catalina.core.StandardService   : Starting service [Tomcat]
2020-09-10 18:38:06.907  INFO 18648 --- [restartedMain] org.apache.catalina.core.StandardEngine  : Starting Servlet engine: [Apache Tomcat/9.0.37]
2020-09-10 18:38:06.911  INFO 18648 --- [restartedMain] o.a.catalina.core.AprLifecycleListener   : Loaded Apache Tomcat Native library [1.2.23] using APR version [1.7.0].
2020-09-10 18:38:06.911  INFO 18648 --- [restartedMain] o.a.catalina.core.AprLifecycleListener   : APR capabilities: IPv6 [true], sendfile [true], accept filters [false], random [true].
2020-09-10 18:38:06.911  INFO 18648 --- [restartedMain] o.a.catalina.core.AprLifecycleListener   : APR/OpenSSL configuration: useAprConnector [false], useOpenSSL [true]
2020-09-10 18:38:06.920  INFO 18648 --- [restartedMain] o.a.catalina.core.AprLifecycleListener   : OpenSSL successfully initialized [OpenSSL 1.1.1c  28 May 2019]
2020-09-10 18:38:07.132  INFO 18648 --- [restartedMain] o.a.c.c.C.[Tomcat].[localhost].[/]       : Initializing Spring embedded WebApplicationContext
2020-09-10 18:38:07.132  INFO 18648 --- [restartedMain] w.s.c.ServletWebServerApplicationContext : Root WebApplicationContext: initialization completed in 3926 ms
2020-09-10 18:38:07.215  INFO 18648 --- [restartedMain] com.zaxxer.hikari.HikariDataSource       : HikariPool-1 - Starting...
2020-09-10 18:38:07.383  INFO 18648 --- [restartedMain] com.zaxxer.hikari.HikariDataSource       : HikariPool-1 - Start completed.
2020-09-10 18:38:07.397  INFO 18648 --- [restartedMain] o.s.b.a.h2.H2ConsoleAutoConfiguration    : H2 console available at '/h2-console'. Database available at 'jdbc:h2:~/test'
2020-09-10 18:38:07.680  INFO 18648 --- [restartedMain] o.s.s.concurrent.ThreadPoolTaskExecutor  : Initializing ExecutorService 'applicationTaskExecutor'
2020-09-10 18:38:07.809  INFO 18648 --- [task-1] o.hibernate.jpa.internal.util.LogHelper  : HHH000204: Processing PersistenceUnitInfo [name: default]
2020-09-10 18:38:07.955  INFO 18648 --- [task-1] org.hibernate.Version                    : HHH000412: Hibernate ORM core version 5.4.20.Final
2020-09-10 18:38:08.313  INFO 18648 --- [task-1] o.hibernate.annotations.common.Version   : HCANN000001: Hibernate Commons Annotations {5.1.0.Final}
2020-09-10 18:38:08.680  INFO 18648 --- [task-1] org.hibernate.dialect.Dialect            : HHH000400: Using dialect: org.hibernate.dialect.H2Dialect
2020-09-10 18:38:11.645  WARN 18648 --- [restartedMain] c.n.c.sources.URLConfigurationSource     : No URLs will be polled as dynamic configuration sources.
2020-09-10 18:38:11.646  INFO 18648 --- [restartedMain] c.n.c.sources.URLConfigurationSource     : To enable URLs as dynamic configuration sources, define System property archaius.configurationSource.additionalUrls or make config.properties available on classpath.
2020-09-10 18:38:11.656  WARN 18648 --- [restartedMain] c.n.c.sources.URLConfigurationSource     : No URLs will be polled as dynamic configuration sources.
2020-09-10 18:38:11.657  INFO 18648 --- [restartedMain] c.n.c.sources.URLConfigurationSource     : To enable URLs as dynamic configuration sources, define System property archaius.configurationSource.additionalUrls or make config.properties available on classpath.
2020-09-10 18:38:11.825  WARN 18648 --- [restartedMain] JpaBaseConfiguration$JpaWebConfiguration : spring.jpa.open-in-view is enabled by default. Therefore, database queries may be performed during view rendering. Explicitly configure spring.jpa.open-in-view to disable this warning
2020-09-10 18:38:13.031  INFO 18648 --- [task-1] o.h.e.t.j.p.i.JtaPlatformInitiator       : HHH000490: Using JtaPlatform implementation: [org.hibernate.engine.transaction.jta.platform.internal.NoJtaPlatform]
2020-09-10 18:38:13.064  WARN 18648 --- [restartedMain] o.s.b.d.a.OptionalLiveReloadServer       : Unable to start LiveReload server
2020-09-10 18:38:13.071  INFO 18648 --- [task-1] j.LocalContainerEntityManagerFactoryBean : Initialized JPA EntityManagerFactory for persistence unit 'default'
2020-09-10 18:38:14.657  INFO 18648 --- [restartedMain] o.s.cloud.commons.util.InetUtils         : Cannot determine local hostname
2020-09-10 18:38:16.314  INFO 18648 --- [restartedMain] o.s.cloud.commons.util.InetUtils         : Cannot determine local hostname
2020-09-10 18:38:16.388  WARN 18648 --- [restartedMain] ockingLoadBalancerClientRibbonWarnLogger : You already have RibbonLoadBalancerClient on your classpath. It will be used by default. As Spring Cloud Ribbon is in maintenance mode. We recommend switching to BlockingLoadBalancerClient instead. In order to use it, set the value of `spring.cloud.loadbalancer.ribbon.enabled` to `false` or remove spring-cloud-starter-netflix-ribbon from your project.
2020-09-10 18:38:16.504  INFO 18648 --- [restartedMain] o.s.c.n.eureka.InstanceInfoFactory       : Setting initial instance status as: STARTING
2020-09-10 18:38:16.611  INFO 18648 --- [restartedMain] com.netflix.discovery.DiscoveryClient    : Initializing Eureka in region us-east-1
2020-09-10 18:38:16.718  INFO 18648 --- [restartedMain] c.n.d.provider.DiscoveryJerseyProvider   : Using JSON encoding codec LegacyJacksonJson
2020-09-10 18:38:16.720  INFO 18648 --- [restartedMain] c.n.d.provider.DiscoveryJerseyProvider   : Using JSON decoding codec LegacyJacksonJson
2020-09-10 18:38:16.914  INFO 18648 --- [restartedMain] c.n.d.provider.DiscoveryJerseyProvider   : Using XML encoding codec XStreamXml
2020-09-10 18:38:16.915  INFO 18648 --- [restartedMain] c.n.d.provider.DiscoveryJerseyProvider   : Using XML decoding codec XStreamXml
2020-09-10 18:38:17.178  INFO 18648 --- [restartedMain] c.n.d.s.r.aws.ConfigClusterResolver      : Resolving eureka endpoints via configuration
2020-09-10 18:38:17.466  INFO 18648 --- [restartedMain] com.netflix.discovery.DiscoveryClient    : Disable delta property : false
2020-09-10 18:38:17.466  INFO 18648 --- [restartedMain] com.netflix.discovery.DiscoveryClient    : Single vip registry refresh property : null
2020-09-10 18:38:17.466  INFO 18648 --- [restartedMain] com.netflix.discovery.DiscoveryClient    : Force full registry fetch : false
2020-09-10 18:38:17.466  INFO 18648 --- [restartedMain] com.netflix.discovery.DiscoveryClient    : Application is null : false
2020-09-10 18:38:17.466  INFO 18648 --- [restartedMain] com.netflix.discovery.DiscoveryClient    : Registered Applications size is zero : true
2020-09-10 18:38:17.466  INFO 18648 --- [restartedMain] com.netflix.discovery.DiscoveryClient    : Application version is -1: true
2020-09-10 18:38:17.467  INFO 18648 --- [restartedMain] com.netflix.discovery.DiscoveryClient    : Getting all instance registry info from the eureka server
2020-09-10 18:38:17.598  INFO 18648 --- [restartedMain] com.netflix.discovery.DiscoveryClient    : The response status is 200
2020-09-10 18:38:17.603  INFO 18648 --- [restartedMain] com.netflix.discovery.DiscoveryClient    : Starting heartbeat executor: renew interval is: 30
2020-09-10 18:38:17.607  INFO 18648 --- [restartedMain] c.n.discovery.InstanceInfoReplicator     : InstanceInfoReplicator onDemand update allowed rate per min is 4
2020-09-10 18:38:17.613  INFO 18648 --- [restartedMain] com.netflix.discovery.DiscoveryClient    : Discovery Client initialized at timestamp 1599743297611 with initial instances count: 2
2020-09-10 18:38:17.620  INFO 18648 --- [restartedMain] o.s.c.n.e.s.EurekaServiceRegistry        : Registering application DEPARTMENT-SERVICE with eureka with status UP
2020-09-10 18:38:17.621  INFO 18648 --- [restartedMain] com.netflix.discovery.DiscoveryClient    : Saw local status change event StatusChangeEvent [timestamp=1599743297621, current=UP, previous=STARTING]
2020-09-10 18:38:17.627  INFO 18648 --- [DiscoveryClient-InstanceInfoReplicator-0] com.netflix.discovery.DiscoveryClient    : DiscoveryClient_DEPARTMENT-SERVICE/localhost:department-service:8801: registering service...
2020-09-10 18:38:17.674  INFO 18648 --- [DiscoveryClient-InstanceInfoReplicator-0] com.netflix.discovery.DiscoveryClient    : DiscoveryClient_DEPARTMENT-SERVICE/localhost:department-service:8801 - registration status: 204
2020-09-10 18:38:17.674  INFO 18648 --- [restartedMain] o.s.b.w.embedded.tomcat.TomcatWebServer  : Tomcat started on port(s): 8801 (http) with context path ''
2020-09-10 18:38:17.678  INFO 18648 --- [restartedMain] .s.c.n.e.s.EurekaAutoServiceRegistration : Updating port to 8801
2020-09-10 18:38:19.230  INFO 18648 --- [restartedMain] o.s.cloud.commons.util.InetUtils         : Cannot determine local hostname
2020-09-10 18:38:19.235  INFO 18648 --- [restartedMain] DeferredRepositoryInitializationListener : Triggering deferred initialization of Spring Data repositories…
2020-09-10 18:38:19.799  INFO 18648 --- [restartedMain] DeferredRepositoryInitializationListener : Spring Data repositories initialized!
2020-09-10 18:38:19.836  INFO 18648 --- [restartedMain] c.d.AdepartmentserviceApplication        : Started AdepartmentserviceApplication in 24.118 seconds (JVM running for 25.032)
2020-09-10 18:42:18.535  INFO 18648 --- [http-nio-8801-exec-1] o.a.c.c.C.[Tomcat].[localhost].[/]       : Initializing Spring DispatcherServlet 'dispatcherServlet'
2020-09-10 18:42:18.538  INFO 18648 --- [http-nio-8801-exec-1] o.s.web.servlet.DispatcherServlet        : Initializing Servlet 'dispatcherServlet'
2020-09-10 18:42:18.557  INFO 18648 --- [http-nio-8801-exec-1] o.s.web.servlet.DispatcherServlet        : Completed initialization in 18 ms
2020-09-10 18:43:17.469  INFO 18648 --- [AsyncResolver-bootstrap-executor-0] c.n.d.s.r.aws.ConfigClusterResolver      : Resolving eureka endpoints via configuration
2020-09-10 18:47:04.844  INFO 18648 --- [hystrix-EmployeeServiceImpl-1] c.netflix.config.ChainedDynamicProperty  : Flipping property: employee-service.ribbon.ActiveConnectionsLimit to use NEXT property: niws.loadbalancer.availabilityFilteringRule.activeConnectionsLimit = 2147483647
2020-09-10 18:47:04.919  INFO 18648 --- [hystrix-EmployeeServiceImpl-1] c.n.u.concurrent.ShutdownEnabledTimer    : Shutdown hook installed for: NFLoadBalancer-PingTimer-employee-service
2020-09-10 18:47:04.920  INFO 18648 --- [hystrix-EmployeeServiceImpl-1] c.netflix.loadbalancer.BaseLoadBalancer  : Client: employee-service instantiated a LoadBalancer: DynamicServerListLoadBalancer:{NFLoadBalancer:name=employee-service,current list of Servers=[],Load balancer stats=Zone stats: {},Server stats: []}ServerList:null
2020-09-10 18:47:04.930  INFO 18648 --- [hystrix-EmployeeServiceImpl-1] c.n.l.DynamicServerListLoadBalancer      : Using serverListUpdater PollingServerListUpdater
2020-09-10 18:47:04.976  INFO 18648 --- [hystrix-EmployeeServiceImpl-1] c.netflix.config.ChainedDynamicProperty  : Flipping property: employee-service.ribbon.ActiveConnectionsLimit to use NEXT property: niws.loadbalancer.availabilityFilteringRule.activeConnectionsLimit = 2147483647
2020-09-10 18:47:04.978  INFO 18648 --- [hystrix-EmployeeServiceImpl-1] c.n.l.DynamicServerListLoadBalancer      : DynamicServerListLoadBalancer for client employee-service initialized: DynamicServerListLoadBalancer:{NFLoadBalancer:name=employee-service,current list of Servers=[localhost:8802],Load balancer stats=Zone stats: {defaultzone=[Zone:defaultzone;	Instance count:1;	Active connections count: 0;	Circuit breaker tripped count: 0;	Active connections per server: 0.0;]
},Server stats: [[Server:localhost:8802;	Zone:defaultZone;	Total Requests:0;	Successive connection failure:0;	Total blackout seconds:0;	Last connection made:Thu Jan 01 05:30:00 IST 1970;	First connection made: Thu Jan 01 05:30:00 IST 1970;	Active Connections:0;	total failure count in last (1000) msecs:0;	average resp time:0.0;	90 percentile resp time:0.0;	95 percentile resp time:0.0;	min resp time:0.0;	max resp time:0.0;	stddev resp time:0.0]
]}ServerList:org.springframework.cloud.netflix.ribbon.eureka.DomainExtractingServerList@10582bdb
2020-09-10 18:47:05.009  INFO 18648 --- [hystrix-EmployeeServiceImpl-1] DeferredRepositoryInitializationListener : Triggering deferred initialization of Spring Data repositories…
2020-09-10 18:47:05.010  INFO 18648 --- [hystrix-EmployeeServiceImpl-1] DeferredRepositoryInitializationListener : Spring Data repositories initialized!
2020-09-10 18:47:05.959  INFO 18648 --- [PollingServerListUpdater-0] c.netflix.config.ChainedDynamicProperty  : Flipping property: employee-service.ribbon.ActiveConnectionsLimit to use NEXT property: niws.loadbalancer.availabilityFilteringRule.activeConnectionsLimit = 2147483647
2020-09-10 18:48:17.471  INFO 18648 --- [AsyncResolver-bootstrap-executor-0] c.n.d.s.r.aws.ConfigClusterResolver      : Resolving eureka endpoints via configuration
2020-09-10 18:53:17.474  INFO 18648 --- [AsyncResolver-bootstrap-executor-0] c.n.d.s.r.aws.ConfigClusterResolver      : Resolving eureka endpoints via configuration
2020-09-10 18:58:17.477  INFO 18648 --- [AsyncResolver-bootstrap-executor-0] c.n.d.s.r.aws.ConfigClusterResolver      : Resolving eureka endpoints via configuration
2020-09-10 19:03:17.480  INFO 18648 --- [AsyncResolver-bootstrap-executor-0] c.n.d.s.r.aws.ConfigClusterResolver      : Resolving eureka endpoints via configuration
2020-09-10 19:08:17.480  INFO 18648 --- [AsyncResolver-bootstrap-executor-0] c.n.d.s.r.aws.ConfigClusterResolver      : Resolving eureka endpoints via configuration
2020-09-10 19:13:17.481  INFO 18648 --- [AsyncResolver-bootstrap-executor-0] c.n.d.s.r.aws.ConfigClusterResolver      : Resolving eureka endpoints via configuration
2020-09-10 19:18:17.484  INFO 18648 --- [AsyncResolver-bootstrap-executor-0] c.n.d.s.r.aws.ConfigClusterResolver      : Resolving eureka endpoints via configuration
2020-09-10 19:23:17.486  INFO 18648 --- [AsyncResolver-bootstrap-executor-0] c.n.d.s.r.aws.ConfigClusterResolver      : Resolving eureka endpoints via configuration
2020-09-10 19:28:17.491  INFO 18648 --- [AsyncResolver-bootstrap-executor-0] c.n.d.s.r.aws.ConfigClusterResolver      : Resolving eureka endpoints via configuration
2020-09-10 19:33:17.492  INFO 18648 --- [AsyncResolver-bootstrap-executor-0] c.n.d.s.r.aws.ConfigClusterResolver      : Resolving eureka endpoints via configuration
2020-09-10 19:38:17.493  INFO 18648 --- [AsyncResolver-bootstrap-executor-0] c.n.d.s.r.aws.ConfigClusterResolver      : Resolving eureka endpoints via configuration
2020-09-10 19:43:17.496  INFO 18648 --- [AsyncResolver-bootstrap-executor-0] c.n.d.s.r.aws.ConfigClusterResolver      : Resolving eureka endpoints via configuration
2020-09-10 19:48:17.497  INFO 18648 --- [AsyncResolver-bootstrap-executor-0] c.n.d.s.r.aws.ConfigClusterResolver      : Resolving eureka endpoints via configuration
2020-09-10 19:53:17.499  INFO 18648 --- [AsyncResolver-bootstrap-executor-0] c.n.d.s.r.aws.ConfigClusterResolver      : Resolving eureka endpoints via configuration
2020-09-10 19:58:17.501  INFO 18648 --- [AsyncResolver-bootstrap-executor-0] c.n.d.s.r.aws.ConfigClusterResolver      : Resolving eureka endpoints via configuration
2020-09-10 20:03:17.503  INFO 18648 --- [AsyncResolver-bootstrap-executor-0] c.n.d.s.r.aws.ConfigClusterResolver      : Resolving eureka endpoints via configuration
2020-09-10 20:08:17.504  INFO 18648 --- [AsyncResolver-bootstrap-executor-0] c.n.d.s.r.aws.ConfigClusterResolver      : Resolving eureka endpoints via configuration
2020-09-10 20:13:17.506  INFO 18648 --- [AsyncResolver-bootstrap-executor-0] c.n.d.s.r.aws.ConfigClusterResolver      : Resolving eureka endpoints via configuration
2020-09-10 20:29:43.618  WARN 18648 --- [HikariPool-1 housekeeper] com.zaxxer.hikari.pool.HikariPool        : HikariPool-1 - Thread starvation or clock leap detected (housekeeper delta=12m5s911ms562µs900ns).
2020-09-10 20:29:53.413  INFO 18648 --- [AsyncResolver-bootstrap-executor-0] c.n.d.s.r.aws.ConfigClusterResolver      : Resolving eureka endpoints via configuration
2020-09-10 20:34:53.415  INFO 18648 --- [AsyncResolver-bootstrap-executor-0] c.n.d.s.r.aws.ConfigClusterResolver      : Resolving eureka endpoints via configuration
2020-09-10 20:39:53.417  INFO 18648 --- [AsyncResolver-bootstrap-executor-0] c.n.d.s.r.aws.ConfigClusterResolver      : Resolving eureka endpoints via configuration
2020-09-10 20:44:53.420  INFO 18648 --- [AsyncResolver-bootstrap-executor-0] c.n.d.s.r.aws.ConfigClusterResolver      : Resolving eureka endpoints via configuration
2020-09-10 20:49:53.421  INFO 18648 --- [AsyncResolver-bootstrap-executor-0] c.n.d.s.r.aws.ConfigClusterResolver      : Resolving eureka endpoints via configuration
2020-09-10 20:54:53.424  INFO 18648 --- [AsyncResolver-bootstrap-executor-0] c.n.d.s.r.aws.ConfigClusterResolver      : Resolving eureka endpoints via configuration
2020-09-10 20:59:53.427  INFO 18648 --- [AsyncResolver-bootstrap-executor-0] c.n.d.s.r.aws.ConfigClusterResolver      : Resolving eureka endpoints via configuration
2020-09-10 21:04:53.428  INFO 18648 --- [AsyncResolver-bootstrap-executor-0] c.n.d.s.r.aws.ConfigClusterResolver      : Resolving eureka endpoints via configuration
2020-09-10 21:09:53.429  INFO 18648 --- [AsyncResolver-bootstrap-executor-0] c.n.d.s.r.aws.ConfigClusterResolver      : Resolving eureka endpoints via configuration
2020-09-10 21:14:53.430  INFO 18648 --- [AsyncResolver-bootstrap-executor-0] c.n.d.s.r.aws.ConfigClusterResolver      : Resolving eureka endpoints via configuration
2020-09-10 21:19:53.433  INFO 18648 --- [AsyncResolver-bootstrap-executor-0] c.n.d.s.r.aws.ConfigClusterResolver      : Resolving eureka endpoints via configuration
2020-09-10 21:24:53.435  INFO 18648 --- [AsyncResolver-bootstrap-executor-0] c.n.d.s.r.aws.ConfigClusterResolver      : Resolving eureka endpoints via configuration
2020-09-10 21:29:53.438  INFO 18648 --- [AsyncResolver-bootstrap-executor-0] c.n.d.s.r.aws.ConfigClusterResolver      : Resolving eureka endpoints via configuration
2020-09-10 21:34:53.440  INFO 18648 --- [AsyncResolver-bootstrap-executor-0] c.n.d.s.r.aws.ConfigClusterResolver      : Resolving eureka endpoints via configuration
2020-09-10 21:39:53.461  INFO 18648 --- [AsyncResolver-bootstrap-executor-0] c.n.d.s.r.aws.ConfigClusterResolver      : Resolving eureka endpoints via configuration
2020-09-10 21:44:53.462  INFO 18648 --- [AsyncResolver-bootstrap-executor-0] c.n.d.s.r.aws.ConfigClusterResolver      : Resolving eureka endpoints via configuration
2020-09-10 21:49:53.464  INFO 18648 --- [AsyncResolver-bootstrap-executor-0] c.n.d.s.r.aws.ConfigClusterResolver      : Resolving eureka endpoints via configuration
2020-09-10 21:54:53.466  INFO 18648 --- [AsyncResolver-bootstrap-executor-0] c.n.d.s.r.aws.ConfigClusterResolver      : Resolving eureka endpoints via configuration
2020-09-10 21:59:53.467  INFO 18648 --- [AsyncResolver-bootstrap-executor-0] c.n.d.s.r.aws.ConfigClusterResolver      : Resolving eureka endpoints via configuration
2020-09-10 22:04:53.470  INFO 18648 --- [AsyncResolver-bootstrap-executor-0] c.n.d.s.r.aws.ConfigClusterResolver      : Resolving eureka endpoints via configuration
2020-09-10 22:09:53.472  INFO 18648 --- [AsyncResolver-bootstrap-executor-0] c.n.d.s.r.aws.ConfigClusterResolver      : Resolving eureka endpoints via configuration
2020-09-10 22:14:53.473  INFO 18648 --- [AsyncResolver-bootstrap-executor-0] c.n.d.s.r.aws.ConfigClusterResolver      : Resolving eureka endpoints via configuration
2020-09-10 22:19:53.477  INFO 18648 --- [AsyncResolver-bootstrap-executor-0] c.n.d.s.r.aws.ConfigClusterResolver      : Resolving eureka endpoints via configuration
