2020-09-10 18:41:07.316  INFO 7448 --- [restartedMain] c.d.DeptempclientApplication             : No active profile set, falling back to default profiles: default
2020-09-10 18:41:09.303  INFO 7448 --- [restartedMain] o.s.cloud.context.scope.GenericScope     : BeanFactory id=cb45a07e-1fac-3d3d-b9d1-f8cf35ecafc3
2020-09-10 18:41:17.314  INFO 7448 --- [restartedMain] o.s.b.w.embedded.tomcat.TomcatWebServer  : Tomcat initialized with port(s): 8777 (http)
2020-09-10 18:41:17.598  INFO 7448 --- [restartedMain] o.apache.catalina.core.StandardService   : Starting service [Tomcat]
2020-09-10 18:41:17.600  INFO 7448 --- [restartedMain] org.apache.catalina.core.StandardEngine  : Starting Servlet engine: [Apache Tomcat/9.0.37]
2020-09-10 18:41:17.642  INFO 7448 --- [restartedMain] o.a.catalina.core.AprLifecycleListener   : Loaded Apache Tomcat Native library [1.2.23] using APR version [1.7.0].
2020-09-10 18:41:17.642  INFO 7448 --- [restartedMain] o.a.catalina.core.AprLifecycleListener   : APR capabilities: IPv6 [true], sendfile [true], accept filters [false], random [true].
2020-09-10 18:41:17.643  INFO 7448 --- [restartedMain] o.a.catalina.core.AprLifecycleListener   : APR/OpenSSL configuration: useAprConnector [false], useOpenSSL [true]
2020-09-10 18:41:17.711  INFO 7448 --- [restartedMain] o.a.catalina.core.AprLifecycleListener   : OpenSSL successfully initialized [OpenSSL 1.1.1c  28 May 2019]
2020-09-10 18:41:18.952  INFO 7448 --- [restartedMain] org.apache.jasper.servlet.TldScanner     : At least one JAR was scanned for TLDs yet contained no TLDs. Enable debug logging for this logger for a complete list of JARs that were scanned but no TLDs were found in them. Skipping unneeded JARs during scanning can improve startup time and JSP compilation time.
2020-09-10 18:41:18.971  INFO 7448 --- [restartedMain] o.a.c.c.C.[Tomcat].[localhost].[/]       : Initializing Spring embedded WebApplicationContext
2020-09-10 18:41:18.972  INFO 7448 --- [restartedMain] w.s.c.ServletWebServerApplicationContext : Root WebApplicationContext: initialization completed in 11530 ms
2020-09-10 18:41:22.917  WARN 7448 --- [restartedMain] o.s.c.n.a.ArchaiusAutoConfiguration      : No spring.application.name found, defaulting to 'application'
2020-09-10 18:41:22.924  WARN 7448 --- [restartedMain] c.n.c.sources.URLConfigurationSource     : No URLs will be polled as dynamic configuration sources.
2020-09-10 18:41:22.924  INFO 7448 --- [restartedMain] c.n.c.sources.URLConfigurationSource     : To enable URLs as dynamic configuration sources, define System property archaius.configurationSource.additionalUrls or make config.properties available on classpath.
2020-09-10 18:41:22.931  WARN 7448 --- [restartedMain] c.n.c.sources.URLConfigurationSource     : No URLs will be polled as dynamic configuration sources.
2020-09-10 18:41:22.931  INFO 7448 --- [restartedMain] c.n.c.sources.URLConfigurationSource     : To enable URLs as dynamic configuration sources, define System property archaius.configurationSource.additionalUrls or make config.properties available on classpath.
2020-09-10 18:41:23.505  INFO 7448 --- [restartedMain] o.s.s.concurrent.ThreadPoolTaskExecutor  : Initializing ExecutorService 'applicationTaskExecutor'
2020-09-10 18:41:24.840  WARN 7448 --- [restartedMain] o.s.b.d.a.OptionalLiveReloadServer       : Unable to start LiveReload server
2020-09-10 18:41:26.453  INFO 7448 --- [restartedMain] o.s.cloud.commons.util.InetUtils         : Cannot determine local hostname
2020-09-10 18:41:26.501  INFO 7448 --- [restartedMain] DiscoveryClientOptionalArgsConfiguration : Eureka HTTP Client uses Jersey
2020-09-10 18:41:28.169  INFO 7448 --- [restartedMain] o.s.cloud.commons.util.InetUtils         : Cannot determine local hostname
2020-09-10 18:41:28.230  WARN 7448 --- [restartedMain] ockingLoadBalancerClientRibbonWarnLogger : You already have RibbonLoadBalancerClient on your classpath. It will be used by default. As Spring Cloud Ribbon is in maintenance mode. We recommend switching to BlockingLoadBalancerClient instead. In order to use it, set the value of `spring.cloud.loadbalancer.ribbon.enabled` to `false` or remove spring-cloud-starter-netflix-ribbon from your project.
2020-09-10 18:41:28.377  INFO 7448 --- [restartedMain] o.s.c.n.eureka.InstanceInfoFactory       : Setting initial instance status as: STARTING
2020-09-10 18:41:28.886  INFO 7448 --- [restartedMain] com.netflix.discovery.DiscoveryClient    : Initializing Eureka in region us-east-1
2020-09-10 18:41:29.052  INFO 7448 --- [restartedMain] c.n.d.provider.DiscoveryJerseyProvider   : Using JSON encoding codec LegacyJacksonJson
2020-09-10 18:41:29.052  INFO 7448 --- [restartedMain] c.n.d.provider.DiscoveryJerseyProvider   : Using JSON decoding codec LegacyJacksonJson
2020-09-10 18:41:29.625  INFO 7448 --- [restartedMain] c.n.d.provider.DiscoveryJerseyProvider   : Using XML encoding codec XStreamXml
2020-09-10 18:41:29.625  INFO 7448 --- [restartedMain] c.n.d.provider.DiscoveryJerseyProvider   : Using XML decoding codec XStreamXml
2020-09-10 18:41:30.036  INFO 7448 --- [restartedMain] c.n.d.s.r.aws.ConfigClusterResolver      : Resolving eureka endpoints via configuration
2020-09-10 18:41:30.418  INFO 7448 --- [restartedMain] com.netflix.discovery.DiscoveryClient    : Disable delta property : false
2020-09-10 18:41:30.418  INFO 7448 --- [restartedMain] com.netflix.discovery.DiscoveryClient    : Single vip registry refresh property : null
2020-09-10 18:41:30.418  INFO 7448 --- [restartedMain] com.netflix.discovery.DiscoveryClient    : Force full registry fetch : false
2020-09-10 18:41:30.419  INFO 7448 --- [restartedMain] com.netflix.discovery.DiscoveryClient    : Application is null : false
2020-09-10 18:41:30.419  INFO 7448 --- [restartedMain] com.netflix.discovery.DiscoveryClient    : Registered Applications size is zero : true
2020-09-10 18:41:30.419  INFO 7448 --- [restartedMain] com.netflix.discovery.DiscoveryClient    : Application version is -1: true
2020-09-10 18:41:30.419  INFO 7448 --- [restartedMain] com.netflix.discovery.DiscoveryClient    : Getting all instance registry info from the eureka server
2020-09-10 18:41:30.649  INFO 7448 --- [restartedMain] com.netflix.discovery.DiscoveryClient    : The response status is 200
2020-09-10 18:41:30.652  INFO 7448 --- [restartedMain] com.netflix.discovery.DiscoveryClient    : Starting heartbeat executor: renew interval is: 30
2020-09-10 18:41:30.655  INFO 7448 --- [restartedMain] c.n.discovery.InstanceInfoReplicator     : InstanceInfoReplicator onDemand update allowed rate per min is 4
2020-09-10 18:41:30.670  INFO 7448 --- [restartedMain] com.netflix.discovery.DiscoveryClient    : Discovery Client initialized at timestamp 1599743490658 with initial instances count: 4
2020-09-10 18:41:30.672  INFO 7448 --- [restartedMain] o.s.c.n.e.s.EurekaServiceRegistry        : Registering application UNKNOWN with eureka with status UP
2020-09-10 18:41:30.673  INFO 7448 --- [restartedMain] com.netflix.discovery.DiscoveryClient    : Saw local status change event StatusChangeEvent [timestamp=1599743490673, current=UP, previous=STARTING]
2020-09-10 18:41:30.675  INFO 7448 --- [DiscoveryClient-InstanceInfoReplicator-0] com.netflix.discovery.DiscoveryClient    : DiscoveryClient_UNKNOWN/localhost:8777: registering service...
2020-09-10 18:41:30.737  INFO 7448 --- [DiscoveryClient-InstanceInfoReplicator-0] com.netflix.discovery.DiscoveryClient    : DiscoveryClient_UNKNOWN/localhost:8777 - registration status: 204
2020-09-10 18:41:30.833  INFO 7448 --- [restartedMain] o.s.b.w.embedded.tomcat.TomcatWebServer  : Tomcat started on port(s): 8777 (http) with context path ''
2020-09-10 18:41:30.838  INFO 7448 --- [restartedMain] .s.c.n.e.s.EurekaAutoServiceRegistration : Updating port to 8777
2020-09-10 18:41:32.488  INFO 7448 --- [restartedMain] o.s.cloud.commons.util.InetUtils         : Cannot determine local hostname
2020-09-10 18:41:32.509  INFO 7448 --- [restartedMain] c.d.DeptempclientApplication             : Started DeptempclientApplication in 30.129 seconds (JVM running for 31.053)
2020-09-10 18:42:13.521  INFO 7448 --- [http-nio-8777-exec-1] o.a.c.c.C.[Tomcat].[localhost].[/]       : Initializing Spring DispatcherServlet 'dispatcherServlet'
2020-09-10 18:42:13.521  INFO 7448 --- [http-nio-8777-exec-1] o.s.web.servlet.DispatcherServlet        : Initializing Servlet 'dispatcherServlet'
2020-09-10 18:42:13.531  INFO 7448 --- [http-nio-8777-exec-1] o.s.web.servlet.DispatcherServlet        : Completed initialization in 10 ms
2020-09-10 18:42:14.793  INFO 7448 --- [http-nio-8777-exec-1] c.netflix.config.ChainedDynamicProperty  : Flipping property: gateway-service.ribbon.ActiveConnectionsLimit to use NEXT property: niws.loadbalancer.availabilityFilteringRule.activeConnectionsLimit = 2147483647
2020-09-10 18:42:14.944  INFO 7448 --- [http-nio-8777-exec-1] c.n.u.concurrent.ShutdownEnabledTimer    : Shutdown hook installed for: NFLoadBalancer-PingTimer-gateway-service
2020-09-10 18:42:14.944  INFO 7448 --- [http-nio-8777-exec-1] c.netflix.loadbalancer.BaseLoadBalancer  : Client: gateway-service instantiated a LoadBalancer: DynamicServerListLoadBalancer:{NFLoadBalancer:name=gateway-service,current list of Servers=[],Load balancer stats=Zone stats: {},Server stats: []}ServerList:null
2020-09-10 18:42:15.065  INFO 7448 --- [http-nio-8777-exec-1] c.n.l.DynamicServerListLoadBalancer      : Using serverListUpdater PollingServerListUpdater
2020-09-10 18:42:15.645  INFO 7448 --- [http-nio-8777-exec-1] c.netflix.config.ChainedDynamicProperty  : Flipping property: gateway-service.ribbon.ActiveConnectionsLimit to use NEXT property: niws.loadbalancer.availabilityFilteringRule.activeConnectionsLimit = 2147483647
2020-09-10 18:42:15.653  INFO 7448 --- [http-nio-8777-exec-1] c.n.l.DynamicServerListLoadBalancer      : DynamicServerListLoadBalancer for client gateway-service initialized: DynamicServerListLoadBalancer:{NFLoadBalancer:name=gateway-service,current list of Servers=[localhost:8800],Load balancer stats=Zone stats: {defaultzone=[Zone:defaultzone;	Instance count:1;	Active connections count: 0;	Circuit breaker tripped count: 0;	Active connections per server: 0.0;]
},Server stats: [[Server:localhost:8800;	Zone:defaultZone;	Total Requests:0;	Successive connection failure:0;	Total blackout seconds:0;	Last connection made:Thu Jan 01 05:30:00 IST 1970;	First connection made: Thu Jan 01 05:30:00 IST 1970;	Active Connections:0;	total failure count in last (1000) msecs:0;	average resp time:0.0;	90 percentile resp time:0.0;	95 percentile resp time:0.0;	min resp time:0.0;	max resp time:0.0;	stddev resp time:0.0]
]}ServerList:org.springframework.cloud.netflix.ribbon.eureka.DomainExtractingServerList@4ce7378f
2020-09-10 18:42:16.081  INFO 7448 --- [PollingServerListUpdater-0] c.netflix.config.ChainedDynamicProperty  : Flipping property: gateway-service.ribbon.ActiveConnectionsLimit to use NEXT property: niws.loadbalancer.availabilityFilteringRule.activeConnectionsLimit = 2147483647
2020-09-10 18:46:30.423  INFO 7448 --- [AsyncResolver-bootstrap-executor-0] c.n.d.s.r.aws.ConfigClusterResolver      : Resolving eureka endpoints via configuration
2020-09-10 18:51:30.426  INFO 7448 --- [AsyncResolver-bootstrap-executor-0] c.n.d.s.r.aws.ConfigClusterResolver      : Resolving eureka endpoints via configuration
2020-09-10 18:56:30.428  INFO 7448 --- [AsyncResolver-bootstrap-executor-0] c.n.d.s.r.aws.ConfigClusterResolver      : Resolving eureka endpoints via configuration
2020-09-10 19:01:30.431  INFO 7448 --- [AsyncResolver-bootstrap-executor-0] c.n.d.s.r.aws.ConfigClusterResolver      : Resolving eureka endpoints via configuration
2020-09-10 19:06:30.433  INFO 7448 --- [AsyncResolver-bootstrap-executor-0] c.n.d.s.r.aws.ConfigClusterResolver      : Resolving eureka endpoints via configuration
2020-09-10 19:11:30.435  INFO 7448 --- [AsyncResolver-bootstrap-executor-0] c.n.d.s.r.aws.ConfigClusterResolver      : Resolving eureka endpoints via configuration
2020-09-10 19:16:30.437  INFO 7448 --- [AsyncResolver-bootstrap-executor-0] c.n.d.s.r.aws.ConfigClusterResolver      : Resolving eureka endpoints via configuration
2020-09-10 19:21:30.440  INFO 7448 --- [AsyncResolver-bootstrap-executor-0] c.n.d.s.r.aws.ConfigClusterResolver      : Resolving eureka endpoints via configuration
2020-09-10 19:26:30.442  INFO 7448 --- [AsyncResolver-bootstrap-executor-0] c.n.d.s.r.aws.ConfigClusterResolver      : Resolving eureka endpoints via configuration
2020-09-10 19:31:30.444  INFO 7448 --- [AsyncResolver-bootstrap-executor-0] c.n.d.s.r.aws.ConfigClusterResolver      : Resolving eureka endpoints via configuration
2020-09-10 19:36:30.447  INFO 7448 --- [AsyncResolver-bootstrap-executor-0] c.n.d.s.r.aws.ConfigClusterResolver      : Resolving eureka endpoints via configuration
2020-09-10 19:41:30.448  INFO 7448 --- [AsyncResolver-bootstrap-executor-0] c.n.d.s.r.aws.ConfigClusterResolver      : Resolving eureka endpoints via configuration
2020-09-10 19:46:30.449  INFO 7448 --- [AsyncResolver-bootstrap-executor-0] c.n.d.s.r.aws.ConfigClusterResolver      : Resolving eureka endpoints via configuration
2020-09-10 19:51:30.450  INFO 7448 --- [AsyncResolver-bootstrap-executor-0] c.n.d.s.r.aws.ConfigClusterResolver      : Resolving eureka endpoints via configuration
2020-09-10 19:56:30.452  INFO 7448 --- [AsyncResolver-bootstrap-executor-0] c.n.d.s.r.aws.ConfigClusterResolver      : Resolving eureka endpoints via configuration
2020-09-10 20:01:30.454  INFO 7448 --- [AsyncResolver-bootstrap-executor-0] c.n.d.s.r.aws.ConfigClusterResolver      : Resolving eureka endpoints via configuration
2020-09-10 20:06:30.456  INFO 7448 --- [AsyncResolver-bootstrap-executor-0] c.n.d.s.r.aws.ConfigClusterResolver      : Resolving eureka endpoints via configuration
2020-09-10 20:11:30.458  INFO 7448 --- [AsyncResolver-bootstrap-executor-0] c.n.d.s.r.aws.ConfigClusterResolver      : Resolving eureka endpoints via configuration
2020-09-10 20:16:30.459  INFO 7448 --- [AsyncResolver-bootstrap-executor-0] c.n.d.s.r.aws.ConfigClusterResolver      : Resolving eureka endpoints via configuration
2020-09-10 20:33:06.365  INFO 7448 --- [AsyncResolver-bootstrap-executor-0] c.n.d.s.r.aws.ConfigClusterResolver      : Resolving eureka endpoints via configuration
2020-09-10 20:38:06.368  INFO 7448 --- [AsyncResolver-bootstrap-executor-0] c.n.d.s.r.aws.ConfigClusterResolver      : Resolving eureka endpoints via configuration
2020-09-10 20:43:06.369  INFO 7448 --- [AsyncResolver-bootstrap-executor-0] c.n.d.s.r.aws.ConfigClusterResolver      : Resolving eureka endpoints via configuration
2020-09-10 20:48:06.370  INFO 7448 --- [AsyncResolver-bootstrap-executor-0] c.n.d.s.r.aws.ConfigClusterResolver      : Resolving eureka endpoints via configuration
2020-09-10 20:53:06.372  INFO 7448 --- [AsyncResolver-bootstrap-executor-0] c.n.d.s.r.aws.ConfigClusterResolver      : Resolving eureka endpoints via configuration
2020-09-10 20:58:06.376  INFO 7448 --- [AsyncResolver-bootstrap-executor-0] c.n.d.s.r.aws.ConfigClusterResolver      : Resolving eureka endpoints via configuration
2020-09-10 21:03:06.378  INFO 7448 --- [AsyncResolver-bootstrap-executor-0] c.n.d.s.r.aws.ConfigClusterResolver      : Resolving eureka endpoints via configuration
2020-09-10 21:08:06.382  INFO 7448 --- [AsyncResolver-bootstrap-executor-0] c.n.d.s.r.aws.ConfigClusterResolver      : Resolving eureka endpoints via configuration
2020-09-10 21:13:06.384  INFO 7448 --- [AsyncResolver-bootstrap-executor-0] c.n.d.s.r.aws.ConfigClusterResolver      : Resolving eureka endpoints via configuration
2020-09-10 21:18:06.385  INFO 7448 --- [AsyncResolver-bootstrap-executor-0] c.n.d.s.r.aws.ConfigClusterResolver      : Resolving eureka endpoints via configuration
2020-09-10 21:23:06.387  INFO 7448 --- [AsyncResolver-bootstrap-executor-0] c.n.d.s.r.aws.ConfigClusterResolver      : Resolving eureka endpoints via configuration
2020-09-10 21:28:06.390  INFO 7448 --- [AsyncResolver-bootstrap-executor-0] c.n.d.s.r.aws.ConfigClusterResolver      : Resolving eureka endpoints via configuration
2020-09-10 21:33:06.391  INFO 7448 --- [AsyncResolver-bootstrap-executor-0] c.n.d.s.r.aws.ConfigClusterResolver      : Resolving eureka endpoints via configuration
2020-09-10 21:38:06.392  INFO 7448 --- [AsyncResolver-bootstrap-executor-0] c.n.d.s.r.aws.ConfigClusterResolver      : Resolving eureka endpoints via configuration
2020-09-10 21:43:06.394  INFO 7448 --- [AsyncResolver-bootstrap-executor-0] c.n.d.s.r.aws.ConfigClusterResolver      : Resolving eureka endpoints via configuration
2020-09-10 21:48:06.397  INFO 7448 --- [AsyncResolver-bootstrap-executor-0] c.n.d.s.r.aws.ConfigClusterResolver      : Resolving eureka endpoints via configuration
2020-09-10 21:53:06.402  INFO 7448 --- [AsyncResolver-bootstrap-executor-0] c.n.d.s.r.aws.ConfigClusterResolver      : Resolving eureka endpoints via configuration
2020-09-10 21:58:06.404  INFO 7448 --- [AsyncResolver-bootstrap-executor-0] c.n.d.s.r.aws.ConfigClusterResolver      : Resolving eureka endpoints via configuration
2020-09-10 22:03:06.406  INFO 7448 --- [AsyncResolver-bootstrap-executor-0] c.n.d.s.r.aws.ConfigClusterResolver      : Resolving eureka endpoints via configuration
2020-09-10 22:08:06.408  INFO 7448 --- [AsyncResolver-bootstrap-executor-0] c.n.d.s.r.aws.ConfigClusterResolver      : Resolving eureka endpoints via configuration
2020-09-10 22:13:06.410  INFO 7448 --- [AsyncResolver-bootstrap-executor-0] c.n.d.s.r.aws.ConfigClusterResolver      : Resolving eureka endpoints via configuration
2020-09-10 22:18:06.413  INFO 7448 --- [AsyncResolver-bootstrap-executor-0] c.n.d.s.r.aws.ConfigClusterResolver      : Resolving eureka endpoints via configuration
2020-09-10 22:23:06.415  INFO 7448 --- [AsyncResolver-bootstrap-executor-0] c.n.d.s.r.aws.ConfigClusterResolver      : Resolving eureka endpoints via configuration
