2020-09-10 18:34:27.340  INFO 18156 --- [main] c.s.AspringconfigserverApplication       : No active profile set, falling back to default profiles: default
2020-09-10 18:34:28.852  WARN 18156 --- [main] o.s.boot.actuate.endpoint.EndpointId     : Endpoint ID 'service-registry' contains invalid characters, please migrate to a valid format.
2020-09-10 18:34:29.174  INFO 18156 --- [main] o.s.cloud.context.scope.GenericScope     : BeanFactory id=979c3cba-742c-3624-a053-493a4880e763
2020-09-10 18:34:30.067  INFO 18156 --- [main] o.s.b.w.embedded.tomcat.TomcatWebServer  : Tomcat initialized with port(s): 8888 (http)
2020-09-10 18:34:30.084  INFO 18156 --- [main] o.apache.catalina.core.StandardService   : Starting service [Tomcat]
2020-09-10 18:34:30.085  INFO 18156 --- [main] org.apache.catalina.core.StandardEngine  : Starting Servlet engine: [Apache Tomcat/9.0.37]
2020-09-10 18:34:30.087  INFO 18156 --- [main] o.a.catalina.core.AprLifecycleListener   : Loaded Apache Tomcat Native library [1.2.23] using APR version [1.7.0].
2020-09-10 18:34:30.088  INFO 18156 --- [main] o.a.catalina.core.AprLifecycleListener   : APR capabilities: IPv6 [true], sendfile [true], accept filters [false], random [true].
2020-09-10 18:34:30.090  INFO 18156 --- [main] o.a.catalina.core.AprLifecycleListener   : APR/OpenSSL configuration: useAprConnector [false], useOpenSSL [true]
2020-09-10 18:34:30.095  INFO 18156 --- [main] o.a.catalina.core.AprLifecycleListener   : OpenSSL successfully initialized [OpenSSL 1.1.1c  28 May 2019]
2020-09-10 18:34:30.328  INFO 18156 --- [main] o.a.c.c.C.[Tomcat].[localhost].[/]       : Initializing Spring embedded WebApplicationContext
2020-09-10 18:34:30.328  INFO 18156 --- [main] w.s.c.ServletWebServerApplicationContext : Root WebApplicationContext: initialization completed in 2941 ms
2020-09-10 18:34:30.608  WARN 18156 --- [main] c.n.c.sources.URLConfigurationSource     : No URLs will be polled as dynamic configuration sources.
2020-09-10 18:34:30.609  INFO 18156 --- [main] c.n.c.sources.URLConfigurationSource     : To enable URLs as dynamic configuration sources, define System property archaius.configurationSource.additionalUrls or make config.properties available on classpath.
2020-09-10 18:34:30.635  INFO 18156 --- [main] c.netflix.config.DynamicPropertyFactory  : DynamicPropertyFactory is initialized with configuration sources: com.netflix.config.ConcurrentCompositeConfiguration@2a367e93
2020-09-10 18:34:30.786  WARN 18156 --- [main] c.n.c.sources.URLConfigurationSource     : No URLs will be polled as dynamic configuration sources.
2020-09-10 18:34:30.787  INFO 18156 --- [main] c.n.c.sources.URLConfigurationSource     : To enable URLs as dynamic configuration sources, define System property archaius.configurationSource.additionalUrls or make config.properties available on classpath.
2020-09-10 18:34:31.164  INFO 18156 --- [main] o.s.s.concurrent.ThreadPoolTaskExecutor  : Initializing ExecutorService 'applicationTaskExecutor'
2020-09-10 18:34:32.988  INFO 18156 --- [main] o.s.cloud.commons.util.InetUtils         : Cannot determine local hostname
2020-09-10 18:34:35.776  INFO 18156 --- [main] o.s.cloud.commons.util.InetUtils         : Cannot determine local hostname
2020-09-10 18:34:35.878  WARN 18156 --- [main] ockingLoadBalancerClientRibbonWarnLogger : You already have RibbonLoadBalancerClient on your classpath. It will be used by default. As Spring Cloud Ribbon is in maintenance mode. We recommend switching to BlockingLoadBalancerClient instead. In order to use it, set the value of `spring.cloud.loadbalancer.ribbon.enabled` to `false` or remove spring-cloud-starter-netflix-ribbon from your project.
2020-09-10 18:34:36.028  INFO 18156 --- [main] o.s.b.a.e.web.EndpointLinksResolver      : Exposing 2 endpoint(s) beneath base path '/actuator'
2020-09-10 18:34:36.079  INFO 18156 --- [main] o.s.c.n.eureka.InstanceInfoFactory       : Setting initial instance status as: STARTING
2020-09-10 18:34:36.171  INFO 18156 --- [main] com.netflix.discovery.DiscoveryClient    : Initializing Eureka in region us-east-1
2020-09-10 18:34:36.447  INFO 18156 --- [main] c.n.d.provider.DiscoveryJerseyProvider   : Using JSON encoding codec LegacyJacksonJson
2020-09-10 18:34:36.448  INFO 18156 --- [main] c.n.d.provider.DiscoveryJerseyProvider   : Using JSON decoding codec LegacyJacksonJson
2020-09-10 18:34:36.800  INFO 18156 --- [main] c.n.d.provider.DiscoveryJerseyProvider   : Using XML encoding codec XStreamXml
2020-09-10 18:34:36.800  INFO 18156 --- [main] c.n.d.provider.DiscoveryJerseyProvider   : Using XML decoding codec XStreamXml
2020-09-10 18:34:37.322  INFO 18156 --- [main] c.n.d.s.r.aws.ConfigClusterResolver      : Resolving eureka endpoints via configuration
2020-09-10 18:34:37.727  INFO 18156 --- [main] com.netflix.discovery.DiscoveryClient    : Disable delta property : false
2020-09-10 18:34:37.727  INFO 18156 --- [main] com.netflix.discovery.DiscoveryClient    : Single vip registry refresh property : null
2020-09-10 18:34:37.728  INFO 18156 --- [main] com.netflix.discovery.DiscoveryClient    : Force full registry fetch : false
2020-09-10 18:34:37.729  INFO 18156 --- [main] com.netflix.discovery.DiscoveryClient    : Application is null : false
2020-09-10 18:34:37.729  INFO 18156 --- [main] com.netflix.discovery.DiscoveryClient    : Registered Applications size is zero : true
2020-09-10 18:34:37.730  INFO 18156 --- [main] com.netflix.discovery.DiscoveryClient    : Application version is -1: true
2020-09-10 18:34:37.731  INFO 18156 --- [main] com.netflix.discovery.DiscoveryClient    : Getting all instance registry info from the eureka server
2020-09-10 18:34:39.186  INFO 18156 --- [main] com.netflix.discovery.DiscoveryClient    : The response status is 200
2020-09-10 18:34:39.189  INFO 18156 --- [main] com.netflix.discovery.DiscoveryClient    : Starting heartbeat executor: renew interval is: 30
2020-09-10 18:34:39.193  INFO 18156 --- [main] c.n.discovery.InstanceInfoReplicator     : InstanceInfoReplicator onDemand update allowed rate per min is 4
2020-09-10 18:34:39.200  INFO 18156 --- [main] com.netflix.discovery.DiscoveryClient    : Discovery Client initialized at timestamp 1599743079197 with initial instances count: 0
2020-09-10 18:34:39.201  INFO 18156 --- [main] o.s.c.n.e.s.EurekaServiceRegistry        : Registering application CONFIG-SERVER with eureka with status UP
2020-09-10 18:34:39.203  INFO 18156 --- [main] com.netflix.discovery.DiscoveryClient    : Saw local status change event StatusChangeEvent [timestamp=1599743079203, current=UP, previous=STARTING]
2020-09-10 18:34:39.206  INFO 18156 --- [DiscoveryClient-InstanceInfoReplicator-0] com.netflix.discovery.DiscoveryClient    : DiscoveryClient_CONFIG-SERVER/localhost:config-server:8888: registering service...
2020-09-10 18:34:39.522  INFO 18156 --- [main] o.s.b.w.embedded.tomcat.TomcatWebServer  : Tomcat started on port(s): 8888 (http) with context path ''
2020-09-10 18:34:39.524  INFO 18156 --- [main] .s.c.n.e.s.EurekaAutoServiceRegistration : Updating port to 8888
2020-09-10 18:34:41.348  INFO 18156 --- [main] o.s.cloud.commons.util.InetUtils         : Cannot determine local hostname
2020-09-10 18:34:41.374  INFO 18156 --- [main] c.s.AspringconfigserverApplication       : Started AspringconfigserverApplication in 18.476 seconds (JVM running for 19.313)
2020-09-10 18:34:42.918  INFO 18156 --- [DiscoveryClient-InstanceInfoReplicator-0] com.netflix.discovery.DiscoveryClient    : DiscoveryClient_CONFIG-SERVER/localhost:config-server:8888 - registration status: 204
2020-09-10 18:35:09.190  INFO 18156 --- [DiscoveryClient-CacheRefreshExecutor-0] com.netflix.discovery.DiscoveryClient    : Disable delta property : false
2020-09-10 18:35:09.191  INFO 18156 --- [DiscoveryClient-CacheRefreshExecutor-0] com.netflix.discovery.DiscoveryClient    : Single vip registry refresh property : null
2020-09-10 18:35:09.191  INFO 18156 --- [DiscoveryClient-CacheRefreshExecutor-0] com.netflix.discovery.DiscoveryClient    : Force full registry fetch : false
2020-09-10 18:35:09.191  INFO 18156 --- [DiscoveryClient-CacheRefreshExecutor-0] com.netflix.discovery.DiscoveryClient    : Application is null : false
2020-09-10 18:35:09.191  INFO 18156 --- [DiscoveryClient-CacheRefreshExecutor-0] com.netflix.discovery.DiscoveryClient    : Registered Applications size is zero : true
2020-09-10 18:35:09.192  INFO 18156 --- [DiscoveryClient-CacheRefreshExecutor-0] com.netflix.discovery.DiscoveryClient    : Application version is -1: false
2020-09-10 18:35:09.192  INFO 18156 --- [DiscoveryClient-CacheRefreshExecutor-0] com.netflix.discovery.DiscoveryClient    : Getting all instance registry info from the eureka server
2020-09-10 18:35:09.259  INFO 18156 --- [DiscoveryClient-CacheRefreshExecutor-0] com.netflix.discovery.DiscoveryClient    : The response status is 200
2020-09-10 18:36:55.641  INFO 18156 --- [http-nio-8888-exec-1] o.a.c.c.C.[Tomcat].[localhost].[/]       : Initializing Spring DispatcherServlet 'dispatcherServlet'
2020-09-10 18:36:55.642  INFO 18156 --- [http-nio-8888-exec-1] o.s.web.servlet.DispatcherServlet        : Initializing Servlet 'dispatcherServlet'
2020-09-10 18:36:55.652  INFO 18156 --- [http-nio-8888-exec-1] o.s.web.servlet.DispatcherServlet        : Completed initialization in 10 ms
2020-09-10 18:37:08.937  INFO 18156 --- [http-nio-8888-exec-1] o.s.cloud.commons.util.InetUtils         : Cannot determine local hostname
2020-09-10 18:37:09.071  INFO 18156 --- [http-nio-8888-exec-1] o.s.c.c.s.e.NativeEnvironmentRepository  : Adding property source: file:/C:/Users/UDHAYA/AppData/Local/Temp/config-repo-5191896965195086810/application.yaml
2020-09-10 18:38:02.915  INFO 18156 --- [http-nio-8888-exec-2] o.s.cloud.commons.util.InetUtils         : Cannot determine local hostname
2020-09-10 18:38:02.942  INFO 18156 --- [http-nio-8888-exec-2] o.s.c.c.s.e.NativeEnvironmentRepository  : Adding property source: file:/C:/Users/UDHAYA/AppData/Local/Temp/config-repo-5191896965195086810/application-production.yaml
2020-09-10 18:38:02.943  INFO 18156 --- [http-nio-8888-exec-2] o.s.c.c.s.e.NativeEnvironmentRepository  : Adding property source: file:/C:/Users/UDHAYA/AppData/Local/Temp/config-repo-5191896965195086810/application.yaml
2020-09-10 18:39:37.735  INFO 18156 --- [AsyncResolver-bootstrap-executor-0] c.n.d.s.r.aws.ConfigClusterResolver      : Resolving eureka endpoints via configuration
2020-09-10 18:44:37.737  INFO 18156 --- [AsyncResolver-bootstrap-executor-0] c.n.d.s.r.aws.ConfigClusterResolver      : Resolving eureka endpoints via configuration
2020-09-10 18:49:37.740  INFO 18156 --- [AsyncResolver-bootstrap-executor-0] c.n.d.s.r.aws.ConfigClusterResolver      : Resolving eureka endpoints via configuration
2020-09-10 18:54:37.742  INFO 18156 --- [AsyncResolver-bootstrap-executor-0] c.n.d.s.r.aws.ConfigClusterResolver      : Resolving eureka endpoints via configuration
2020-09-10 18:59:37.744  INFO 18156 --- [AsyncResolver-bootstrap-executor-0] c.n.d.s.r.aws.ConfigClusterResolver      : Resolving eureka endpoints via configuration
2020-09-10 19:04:37.747  INFO 18156 --- [AsyncResolver-bootstrap-executor-0] c.n.d.s.r.aws.ConfigClusterResolver      : Resolving eureka endpoints via configuration
2020-09-10 19:09:37.749  INFO 18156 --- [AsyncResolver-bootstrap-executor-0] c.n.d.s.r.aws.ConfigClusterResolver      : Resolving eureka endpoints via configuration
2020-09-10 19:14:37.752  INFO 18156 --- [AsyncResolver-bootstrap-executor-0] c.n.d.s.r.aws.ConfigClusterResolver      : Resolving eureka endpoints via configuration
2020-09-10 19:19:37.753  INFO 18156 --- [AsyncResolver-bootstrap-executor-0] c.n.d.s.r.aws.ConfigClusterResolver      : Resolving eureka endpoints via configuration
2020-09-10 19:24:37.754  INFO 18156 --- [AsyncResolver-bootstrap-executor-0] c.n.d.s.r.aws.ConfigClusterResolver      : Resolving eureka endpoints via configuration
2020-09-10 19:29:37.757  INFO 18156 --- [AsyncResolver-bootstrap-executor-0] c.n.d.s.r.aws.ConfigClusterResolver      : Resolving eureka endpoints via configuration
2020-09-10 19:34:37.759  INFO 18156 --- [AsyncResolver-bootstrap-executor-0] c.n.d.s.r.aws.ConfigClusterResolver      : Resolving eureka endpoints via configuration
2020-09-10 19:39:37.760  INFO 18156 --- [AsyncResolver-bootstrap-executor-0] c.n.d.s.r.aws.ConfigClusterResolver      : Resolving eureka endpoints via configuration
2020-09-10 19:44:37.762  INFO 18156 --- [AsyncResolver-bootstrap-executor-0] c.n.d.s.r.aws.ConfigClusterResolver      : Resolving eureka endpoints via configuration
2020-09-10 19:49:37.764  INFO 18156 --- [AsyncResolver-bootstrap-executor-0] c.n.d.s.r.aws.ConfigClusterResolver      : Resolving eureka endpoints via configuration
2020-09-10 19:54:37.765  INFO 18156 --- [AsyncResolver-bootstrap-executor-0] c.n.d.s.r.aws.ConfigClusterResolver      : Resolving eureka endpoints via configuration
2020-09-10 19:59:37.766  INFO 18156 --- [AsyncResolver-bootstrap-executor-0] c.n.d.s.r.aws.ConfigClusterResolver      : Resolving eureka endpoints via configuration
2020-09-10 20:04:37.769  INFO 18156 --- [AsyncResolver-bootstrap-executor-0] c.n.d.s.r.aws.ConfigClusterResolver      : Resolving eureka endpoints via configuration
2020-09-10 20:09:37.771  INFO 18156 --- [AsyncResolver-bootstrap-executor-0] c.n.d.s.r.aws.ConfigClusterResolver      : Resolving eureka endpoints via configuration
2020-09-10 20:14:37.773  INFO 18156 --- [AsyncResolver-bootstrap-executor-0] c.n.d.s.r.aws.ConfigClusterResolver      : Resolving eureka endpoints via configuration
2020-09-10 20:31:13.678  INFO 18156 --- [AsyncResolver-bootstrap-executor-0] c.n.d.s.r.aws.ConfigClusterResolver      : Resolving eureka endpoints via configuration
2020-09-10 20:36:13.681  INFO 18156 --- [AsyncResolver-bootstrap-executor-0] c.n.d.s.r.aws.ConfigClusterResolver      : Resolving eureka endpoints via configuration
2020-09-10 20:41:13.682  INFO 18156 --- [AsyncResolver-bootstrap-executor-0] c.n.d.s.r.aws.ConfigClusterResolver      : Resolving eureka endpoints via configuration
2020-09-10 20:46:13.684  INFO 18156 --- [AsyncResolver-bootstrap-executor-0] c.n.d.s.r.aws.ConfigClusterResolver      : Resolving eureka endpoints via configuration
2020-09-10 20:51:13.685  INFO 18156 --- [AsyncResolver-bootstrap-executor-0] c.n.d.s.r.aws.ConfigClusterResolver      : Resolving eureka endpoints via configuration
2020-09-10 20:56:13.687  INFO 18156 --- [AsyncResolver-bootstrap-executor-0] c.n.d.s.r.aws.ConfigClusterResolver      : Resolving eureka endpoints via configuration
2020-09-10 21:01:13.688  INFO 18156 --- [AsyncResolver-bootstrap-executor-0] c.n.d.s.r.aws.ConfigClusterResolver      : Resolving eureka endpoints via configuration
2020-09-10 21:06:13.690  INFO 18156 --- [AsyncResolver-bootstrap-executor-0] c.n.d.s.r.aws.ConfigClusterResolver      : Resolving eureka endpoints via configuration
2020-09-10 21:11:13.692  INFO 18156 --- [AsyncResolver-bootstrap-executor-0] c.n.d.s.r.aws.ConfigClusterResolver      : Resolving eureka endpoints via configuration
2020-09-10 21:16:13.693  INFO 18156 --- [AsyncResolver-bootstrap-executor-0] c.n.d.s.r.aws.ConfigClusterResolver      : Resolving eureka endpoints via configuration
2020-09-10 21:21:13.695  INFO 18156 --- [AsyncResolver-bootstrap-executor-0] c.n.d.s.r.aws.ConfigClusterResolver      : Resolving eureka endpoints via configuration
2020-09-10 21:26:13.697  INFO 18156 --- [AsyncResolver-bootstrap-executor-0] c.n.d.s.r.aws.ConfigClusterResolver      : Resolving eureka endpoints via configuration
2020-09-10 21:31:13.698  INFO 18156 --- [AsyncResolver-bootstrap-executor-0] c.n.d.s.r.aws.ConfigClusterResolver      : Resolving eureka endpoints via configuration
2020-09-10 21:36:13.701  INFO 18156 --- [AsyncResolver-bootstrap-executor-0] c.n.d.s.r.aws.ConfigClusterResolver      : Resolving eureka endpoints via configuration
2020-09-10 21:41:13.703  INFO 18156 --- [AsyncResolver-bootstrap-executor-0] c.n.d.s.r.aws.ConfigClusterResolver      : Resolving eureka endpoints via configuration
2020-09-10 21:46:13.706  INFO 18156 --- [AsyncResolver-bootstrap-executor-0] c.n.d.s.r.aws.ConfigClusterResolver      : Resolving eureka endpoints via configuration
2020-09-10 21:51:13.708  INFO 18156 --- [AsyncResolver-bootstrap-executor-0] c.n.d.s.r.aws.ConfigClusterResolver      : Resolving eureka endpoints via configuration
2020-09-10 21:56:13.711  INFO 18156 --- [AsyncResolver-bootstrap-executor-0] c.n.d.s.r.aws.ConfigClusterResolver      : Resolving eureka endpoints via configuration
2020-09-10 22:01:13.713  INFO 18156 --- [AsyncResolver-bootstrap-executor-0] c.n.d.s.r.aws.ConfigClusterResolver      : Resolving eureka endpoints via configuration
2020-09-10 22:06:13.715  INFO 18156 --- [AsyncResolver-bootstrap-executor-0] c.n.d.s.r.aws.ConfigClusterResolver      : Resolving eureka endpoints via configuration
2020-09-10 22:11:13.718  INFO 18156 --- [AsyncResolver-bootstrap-executor-0] c.n.d.s.r.aws.ConfigClusterResolver      : Resolving eureka endpoints via configuration
2020-09-10 22:16:13.725  INFO 18156 --- [AsyncResolver-bootstrap-executor-0] c.n.d.s.r.aws.ConfigClusterResolver      : Resolving eureka endpoints via configuration
2020-09-10 22:21:13.727  INFO 18156 --- [AsyncResolver-bootstrap-executor-0] c.n.d.s.r.aws.ConfigClusterResolver      : Resolving eureka endpoints via configuration
