2020-09-10 18:36:52.607  INFO 8208 --- [restartedMain] c.c.c.ConfigServicePropertySourceLocator : Fetching config from server at : http://localhost:8888
2020-09-10 18:37:09.194  INFO 8208 --- [restartedMain] c.c.c.ConfigServicePropertySourceLocator : Located environment: name=employee-service, profiles=[default], label=null, version=d1fa0737632e9273214e78eb26e4eb33653f5e52, state=null
2020-09-10 18:37:09.209  INFO 8208 --- [restartedMain] b.c.PropertySourceBootstrapConfiguration : Located property source: [BootstrapPropertySource {name='bootstrapProperties-configClient'}, BootstrapPropertySource {name='bootstrapProperties-https://github.com/udhayaspringboot/dynamicyaml/application.yaml'}]
2020-09-10 18:37:09.463  INFO 8208 --- [restartedMain] c.e.AemployeeserviceApplication          : No active profile set, falling back to default profiles: default
2020-09-10 18:37:11.574  INFO 8208 --- [restartedMain] .s.d.r.c.RepositoryConfigurationDelegate : Bootstrapping Spring Data JPA repositories in DEFERRED mode.
2020-09-10 18:37:11.955  INFO 8208 --- [restartedMain] .s.d.r.c.RepositoryConfigurationDelegate : Finished Spring Data repository scanning in 347ms. Found 1 JPA repository interfaces.
2020-09-10 18:37:12.570  INFO 8208 --- [restartedMain] o.s.cloud.context.scope.GenericScope     : BeanFactory id=2b9df316-e2aa-3e41-8452-1e6e97f9e926
2020-09-10 18:37:14.219  INFO 8208 --- [restartedMain] o.s.b.w.embedded.tomcat.TomcatWebServer  : Tomcat initialized with port(s): 8802 (http)
2020-09-10 18:37:14.243  INFO 8208 --- [restartedMain] o.apache.catalina.core.StandardService   : Starting service [Tomcat]
2020-09-10 18:37:14.244  INFO 8208 --- [restartedMain] org.apache.catalina.core.StandardEngine  : Starting Servlet engine: [Apache Tomcat/9.0.37]
2020-09-10 18:37:14.250  INFO 8208 --- [restartedMain] o.a.catalina.core.AprLifecycleListener   : Loaded Apache Tomcat Native library [1.2.23] using APR version [1.7.0].
2020-09-10 18:37:14.251  INFO 8208 --- [restartedMain] o.a.catalina.core.AprLifecycleListener   : APR capabilities: IPv6 [true], sendfile [true], accept filters [false], random [true].
2020-09-10 18:37:14.252  INFO 8208 --- [restartedMain] o.a.catalina.core.AprLifecycleListener   : APR/OpenSSL configuration: useAprConnector [false], useOpenSSL [true]
2020-09-10 18:37:14.259  INFO 8208 --- [restartedMain] o.a.catalina.core.AprLifecycleListener   : OpenSSL successfully initialized [OpenSSL 1.1.1c  28 May 2019]
2020-09-10 18:37:14.471  INFO 8208 --- [restartedMain] o.a.c.c.C.[Tomcat].[localhost].[/]       : Initializing Spring embedded WebApplicationContext
2020-09-10 18:37:14.472  INFO 8208 --- [restartedMain] w.s.c.ServletWebServerApplicationContext : Root WebApplicationContext: initialization completed in 4977 ms
2020-09-10 18:37:14.576  INFO 8208 --- [restartedMain] com.zaxxer.hikari.HikariDataSource       : HikariPool-1 - Starting...
2020-09-10 18:37:24.069  INFO 8208 --- [restartedMain] com.zaxxer.hikari.HikariDataSource       : HikariPool-1 - Start completed.
2020-09-10 18:37:24.078  INFO 8208 --- [restartedMain] o.s.b.a.h2.H2ConsoleAutoConfiguration    : H2 console available at '/h2-console'. Database available at 'jdbc:h2:~/test'
2020-09-10 18:37:24.851  INFO 8208 --- [restartedMain] o.s.s.concurrent.ThreadPoolTaskExecutor  : Initializing ExecutorService 'applicationTaskExecutor'
2020-09-10 18:37:25.194  INFO 8208 --- [task-1] o.hibernate.jpa.internal.util.LogHelper  : HHH000204: Processing PersistenceUnitInfo [name: default]
2020-09-10 18:37:25.674  INFO 8208 --- [task-1] org.hibernate.Version                    : HHH000412: Hibernate ORM core version 5.4.20.Final
2020-09-10 18:37:26.041  WARN 8208 --- [restartedMain] c.n.c.sources.URLConfigurationSource     : No URLs will be polled as dynamic configuration sources.
2020-09-10 18:37:26.042  INFO 8208 --- [restartedMain] c.n.c.sources.URLConfigurationSource     : To enable URLs as dynamic configuration sources, define System property archaius.configurationSource.additionalUrls or make config.properties available on classpath.
2020-09-10 18:37:26.053  WARN 8208 --- [restartedMain] c.n.c.sources.URLConfigurationSource     : No URLs will be polled as dynamic configuration sources.
2020-09-10 18:37:26.054  INFO 8208 --- [restartedMain] c.n.c.sources.URLConfigurationSource     : To enable URLs as dynamic configuration sources, define System property archaius.configurationSource.additionalUrls or make config.properties available on classpath.
2020-09-10 18:37:26.326  WARN 8208 --- [restartedMain] JpaBaseConfiguration$JpaWebConfiguration : spring.jpa.open-in-view is enabled by default. Therefore, database queries may be performed during view rendering. Explicitly configure spring.jpa.open-in-view to disable this warning
2020-09-10 18:37:27.498  INFO 8208 --- [task-1] o.hibernate.annotations.common.Version   : HCANN000001: Hibernate Commons Annotations {5.1.0.Final}
2020-09-10 18:37:28.302  INFO 8208 --- [task-1] org.hibernate.dialect.Dialect            : HHH000400: Using dialect: org.hibernate.dialect.H2Dialect
2020-09-10 18:37:28.549  WARN 8208 --- [restartedMain] o.s.b.d.a.OptionalLiveReloadServer       : Unable to start LiveReload server
2020-09-10 18:37:30.455  INFO 8208 --- [restartedMain] o.s.cloud.commons.util.InetUtils         : Cannot determine local hostname
2020-09-10 18:37:32.420  INFO 8208 --- [restartedMain] o.s.cloud.commons.util.InetUtils         : Cannot determine local hostname
2020-09-10 18:37:32.715  WARN 8208 --- [restartedMain] ockingLoadBalancerClientRibbonWarnLogger : You already have RibbonLoadBalancerClient on your classpath. It will be used by default. As Spring Cloud Ribbon is in maintenance mode. We recommend switching to BlockingLoadBalancerClient instead. In order to use it, set the value of `spring.cloud.loadbalancer.ribbon.enabled` to `false` or remove spring-cloud-starter-netflix-ribbon from your project.
2020-09-10 18:37:32.731  INFO 8208 --- [task-1] o.h.e.t.j.p.i.JtaPlatformInitiator       : HHH000490: Using JtaPlatform implementation: [org.hibernate.engine.transaction.jta.platform.internal.NoJtaPlatform]
2020-09-10 18:37:32.828  INFO 8208 --- [task-1] j.LocalContainerEntityManagerFactoryBean : Initialized JPA EntityManagerFactory for persistence unit 'default'
2020-09-10 18:37:32.980  INFO 8208 --- [restartedMain] o.s.c.n.eureka.InstanceInfoFactory       : Setting initial instance status as: STARTING
2020-09-10 18:37:34.225  INFO 8208 --- [restartedMain] com.netflix.discovery.DiscoveryClient    : Initializing Eureka in region us-east-1
2020-09-10 18:37:34.621  INFO 8208 --- [restartedMain] c.n.d.provider.DiscoveryJerseyProvider   : Using JSON encoding codec LegacyJacksonJson
2020-09-10 18:37:34.621  INFO 8208 --- [restartedMain] c.n.d.provider.DiscoveryJerseyProvider   : Using JSON decoding codec LegacyJacksonJson
2020-09-10 18:37:35.509  INFO 8208 --- [restartedMain] c.n.d.provider.DiscoveryJerseyProvider   : Using XML encoding codec XStreamXml
2020-09-10 18:37:35.509  INFO 8208 --- [restartedMain] c.n.d.provider.DiscoveryJerseyProvider   : Using XML decoding codec XStreamXml
2020-09-10 18:37:35.877  INFO 8208 --- [restartedMain] c.n.d.s.r.aws.ConfigClusterResolver      : Resolving eureka endpoints via configuration
2020-09-10 18:37:36.304  INFO 8208 --- [restartedMain] com.netflix.discovery.DiscoveryClient    : Disable delta property : false
2020-09-10 18:37:36.305  INFO 8208 --- [restartedMain] com.netflix.discovery.DiscoveryClient    : Single vip registry refresh property : null
2020-09-10 18:37:36.305  INFO 8208 --- [restartedMain] com.netflix.discovery.DiscoveryClient    : Force full registry fetch : false
2020-09-10 18:37:36.305  INFO 8208 --- [restartedMain] com.netflix.discovery.DiscoveryClient    : Application is null : false
2020-09-10 18:37:36.305  INFO 8208 --- [restartedMain] com.netflix.discovery.DiscoveryClient    : Registered Applications size is zero : true
2020-09-10 18:37:36.305  INFO 8208 --- [restartedMain] com.netflix.discovery.DiscoveryClient    : Application version is -1: true
2020-09-10 18:37:36.305  INFO 8208 --- [restartedMain] com.netflix.discovery.DiscoveryClient    : Getting all instance registry info from the eureka server
2020-09-10 18:37:36.498  INFO 8208 --- [restartedMain] com.netflix.discovery.DiscoveryClient    : The response status is 200
2020-09-10 18:37:36.504  INFO 8208 --- [restartedMain] com.netflix.discovery.DiscoveryClient    : Starting heartbeat executor: renew interval is: 30
2020-09-10 18:37:36.509  INFO 8208 --- [restartedMain] c.n.discovery.InstanceInfoReplicator     : InstanceInfoReplicator onDemand update allowed rate per min is 4
2020-09-10 18:37:36.515  INFO 8208 --- [restartedMain] com.netflix.discovery.DiscoveryClient    : Discovery Client initialized at timestamp 1599743256513 with initial instances count: 1
2020-09-10 18:37:36.525  INFO 8208 --- [restartedMain] o.s.c.n.e.s.EurekaServiceRegistry        : Registering application EMPLOYEE-SERVICE with eureka with status UP
2020-09-10 18:37:36.529  INFO 8208 --- [restartedMain] com.netflix.discovery.DiscoveryClient    : Saw local status change event StatusChangeEvent [timestamp=1599743256529, current=UP, previous=STARTING]
2020-09-10 18:37:36.589  INFO 8208 --- [DiscoveryClient-InstanceInfoReplicator-0] com.netflix.discovery.DiscoveryClient    : DiscoveryClient_EMPLOYEE-SERVICE/localhost:employee-service:8802: registering service...
2020-09-10 18:37:36.694  INFO 8208 --- [DiscoveryClient-InstanceInfoReplicator-0] com.netflix.discovery.DiscoveryClient    : DiscoveryClient_EMPLOYEE-SERVICE/localhost:employee-service:8802 - registration status: 204
2020-09-10 18:37:36.719  INFO 8208 --- [restartedMain] o.s.b.w.embedded.tomcat.TomcatWebServer  : Tomcat started on port(s): 8802 (http) with context path ''
2020-09-10 18:37:36.720  INFO 8208 --- [restartedMain] .s.c.n.e.s.EurekaAutoServiceRegistration : Updating port to 8802
2020-09-10 18:37:38.409  INFO 8208 --- [restartedMain] o.s.cloud.commons.util.InetUtils         : Cannot determine local hostname
2020-09-10 18:37:38.411  INFO 8208 --- [restartedMain] DeferredRepositoryInitializationListener : Triggering deferred initialization of Spring Data repositories…
2020-09-10 18:37:39.680  INFO 8208 --- [restartedMain] DeferredRepositoryInitializationListener : Spring Data repositories initialized!
2020-09-10 18:37:39.693  INFO 8208 --- [restartedMain] c.e.AemployeeserviceApplication          : Started AemployeeserviceApplication in 52.793 seconds (JVM running for 53.954)
2020-09-10 18:42:36.309  INFO 8208 --- [AsyncResolver-bootstrap-executor-0] c.n.d.s.r.aws.ConfigClusterResolver      : Resolving eureka endpoints via configuration
2020-09-10 18:47:05.466  INFO 8208 --- [http-nio-8802-exec-5] o.a.c.c.C.[Tomcat].[localhost].[/]       : Initializing Spring DispatcherServlet 'dispatcherServlet'
2020-09-10 18:47:05.467  INFO 8208 --- [http-nio-8802-exec-5] o.s.web.servlet.DispatcherServlet        : Initializing Servlet 'dispatcherServlet'
2020-09-10 18:47:05.704  INFO 8208 --- [http-nio-8802-exec-5] o.s.web.servlet.DispatcherServlet        : Completed initialization in 236 ms
2020-09-10 18:47:36.311  INFO 8208 --- [AsyncResolver-bootstrap-executor-0] c.n.d.s.r.aws.ConfigClusterResolver      : Resolving eureka endpoints via configuration
2020-09-10 18:52:36.313  INFO 8208 --- [AsyncResolver-bootstrap-executor-0] c.n.d.s.r.aws.ConfigClusterResolver      : Resolving eureka endpoints via configuration
2020-09-10 18:57:36.315  INFO 8208 --- [AsyncResolver-bootstrap-executor-0] c.n.d.s.r.aws.ConfigClusterResolver      : Resolving eureka endpoints via configuration
2020-09-10 19:02:36.319  INFO 8208 --- [AsyncResolver-bootstrap-executor-0] c.n.d.s.r.aws.ConfigClusterResolver      : Resolving eureka endpoints via configuration
2020-09-10 19:07:36.321  INFO 8208 --- [AsyncResolver-bootstrap-executor-0] c.n.d.s.r.aws.ConfigClusterResolver      : Resolving eureka endpoints via configuration
2020-09-10 19:12:36.323  INFO 8208 --- [AsyncResolver-bootstrap-executor-0] c.n.d.s.r.aws.ConfigClusterResolver      : Resolving eureka endpoints via configuration
2020-09-10 19:17:36.326  INFO 8208 --- [AsyncResolver-bootstrap-executor-0] c.n.d.s.r.aws.ConfigClusterResolver      : Resolving eureka endpoints via configuration
2020-09-10 19:22:36.327  INFO 8208 --- [AsyncResolver-bootstrap-executor-0] c.n.d.s.r.aws.ConfigClusterResolver      : Resolving eureka endpoints via configuration
2020-09-10 19:27:36.330  INFO 8208 --- [AsyncResolver-bootstrap-executor-0] c.n.d.s.r.aws.ConfigClusterResolver      : Resolving eureka endpoints via configuration
2020-09-10 19:32:36.332  INFO 8208 --- [AsyncResolver-bootstrap-executor-0] c.n.d.s.r.aws.ConfigClusterResolver      : Resolving eureka endpoints via configuration
2020-09-10 19:37:36.333  INFO 8208 --- [AsyncResolver-bootstrap-executor-0] c.n.d.s.r.aws.ConfigClusterResolver      : Resolving eureka endpoints via configuration
2020-09-10 19:42:36.335  INFO 8208 --- [AsyncResolver-bootstrap-executor-0] c.n.d.s.r.aws.ConfigClusterResolver      : Resolving eureka endpoints via configuration
2020-09-10 19:47:36.337  INFO 8208 --- [AsyncResolver-bootstrap-executor-0] c.n.d.s.r.aws.ConfigClusterResolver      : Resolving eureka endpoints via configuration
2020-09-10 19:52:36.338  INFO 8208 --- [AsyncResolver-bootstrap-executor-0] c.n.d.s.r.aws.ConfigClusterResolver      : Resolving eureka endpoints via configuration
2020-09-10 19:57:36.340  INFO 8208 --- [AsyncResolver-bootstrap-executor-0] c.n.d.s.r.aws.ConfigClusterResolver      : Resolving eureka endpoints via configuration
2020-09-10 20:02:36.344  INFO 8208 --- [AsyncResolver-bootstrap-executor-0] c.n.d.s.r.aws.ConfigClusterResolver      : Resolving eureka endpoints via configuration
2020-09-10 20:07:36.346  INFO 8208 --- [AsyncResolver-bootstrap-executor-0] c.n.d.s.r.aws.ConfigClusterResolver      : Resolving eureka endpoints via configuration
2020-09-10 20:12:36.348  INFO 8208 --- [AsyncResolver-bootstrap-executor-0] c.n.d.s.r.aws.ConfigClusterResolver      : Resolving eureka endpoints via configuration
2020-09-10 20:17:36.350  INFO 8208 --- [AsyncResolver-bootstrap-executor-0] c.n.d.s.r.aws.ConfigClusterResolver      : Resolving eureka endpoints via configuration
2020-09-10 20:29:30.319  WARN 8208 --- [HikariPool-1 housekeeper] com.zaxxer.hikari.pool.HikariPool        : HikariPool-1 - Thread starvation or clock leap detected (housekeeper delta=12m5s911ms760µs700ns).
2020-09-10 20:34:12.255  INFO 8208 --- [AsyncResolver-bootstrap-executor-0] c.n.d.s.r.aws.ConfigClusterResolver      : Resolving eureka endpoints via configuration
2020-09-10 20:39:12.258  INFO 8208 --- [AsyncResolver-bootstrap-executor-0] c.n.d.s.r.aws.ConfigClusterResolver      : Resolving eureka endpoints via configuration
2020-09-10 20:44:12.259  INFO 8208 --- [AsyncResolver-bootstrap-executor-0] c.n.d.s.r.aws.ConfigClusterResolver      : Resolving eureka endpoints via configuration
2020-09-10 20:49:12.260  INFO 8208 --- [AsyncResolver-bootstrap-executor-0] c.n.d.s.r.aws.ConfigClusterResolver      : Resolving eureka endpoints via configuration
2020-09-10 20:54:12.261  INFO 8208 --- [AsyncResolver-bootstrap-executor-0] c.n.d.s.r.aws.ConfigClusterResolver      : Resolving eureka endpoints via configuration
2020-09-10 20:59:12.262  INFO 8208 --- [AsyncResolver-bootstrap-executor-0] c.n.d.s.r.aws.ConfigClusterResolver      : Resolving eureka endpoints via configuration
2020-09-10 21:04:12.272  INFO 8208 --- [AsyncResolver-bootstrap-executor-0] c.n.d.s.r.aws.ConfigClusterResolver      : Resolving eureka endpoints via configuration
2020-09-10 21:09:12.273  INFO 8208 --- [AsyncResolver-bootstrap-executor-0] c.n.d.s.r.aws.ConfigClusterResolver      : Resolving eureka endpoints via configuration
2020-09-10 21:14:12.276  INFO 8208 --- [AsyncResolver-bootstrap-executor-0] c.n.d.s.r.aws.ConfigClusterResolver      : Resolving eureka endpoints via configuration
2020-09-10 21:19:12.278  INFO 8208 --- [AsyncResolver-bootstrap-executor-0] c.n.d.s.r.aws.ConfigClusterResolver      : Resolving eureka endpoints via configuration
2020-09-10 21:24:12.279  INFO 8208 --- [AsyncResolver-bootstrap-executor-0] c.n.d.s.r.aws.ConfigClusterResolver      : Resolving eureka endpoints via configuration
2020-09-10 21:29:12.281  INFO 8208 --- [AsyncResolver-bootstrap-executor-0] c.n.d.s.r.aws.ConfigClusterResolver      : Resolving eureka endpoints via configuration
2020-09-10 21:34:12.285  INFO 8208 --- [AsyncResolver-bootstrap-executor-0] c.n.d.s.r.aws.ConfigClusterResolver      : Resolving eureka endpoints via configuration
2020-09-10 21:39:12.286  INFO 8208 --- [AsyncResolver-bootstrap-executor-0] c.n.d.s.r.aws.ConfigClusterResolver      : Resolving eureka endpoints via configuration
2020-09-10 21:44:12.288  INFO 8208 --- [AsyncResolver-bootstrap-executor-0] c.n.d.s.r.aws.ConfigClusterResolver      : Resolving eureka endpoints via configuration
2020-09-10 21:49:12.290  INFO 8208 --- [AsyncResolver-bootstrap-executor-0] c.n.d.s.r.aws.ConfigClusterResolver      : Resolving eureka endpoints via configuration
2020-09-10 21:54:12.293  INFO 8208 --- [AsyncResolver-bootstrap-executor-0] c.n.d.s.r.aws.ConfigClusterResolver      : Resolving eureka endpoints via configuration
2020-09-10 21:59:12.295  INFO 8208 --- [AsyncResolver-bootstrap-executor-0] c.n.d.s.r.aws.ConfigClusterResolver      : Resolving eureka endpoints via configuration
2020-09-10 22:04:12.297  INFO 8208 --- [AsyncResolver-bootstrap-executor-0] c.n.d.s.r.aws.ConfigClusterResolver      : Resolving eureka endpoints via configuration
2020-09-10 22:09:12.298  INFO 8208 --- [AsyncResolver-bootstrap-executor-0] c.n.d.s.r.aws.ConfigClusterResolver      : Resolving eureka endpoints via configuration
2020-09-10 22:14:12.303  INFO 8208 --- [AsyncResolver-bootstrap-executor-0] c.n.d.s.r.aws.ConfigClusterResolver      : Resolving eureka endpoints via configuration
2020-09-10 22:19:12.306  INFO 8208 --- [AsyncResolver-bootstrap-executor-0] c.n.d.s.r.aws.ConfigClusterResolver      : Resolving eureka endpoints via configuration
2020-09-10 22:24:12.308  INFO 8208 --- [AsyncResolver-bootstrap-executor-0] c.n.d.s.r.aws.ConfigClusterResolver      : Resolving eureka endpoints via configuration
